d:\users\gap8240\chinesecheckers\debug\brickwarecore.lib
d:\users\gap8240\chinesecheckers\debug\brickwarecore.exp
d:\users\gap8240\chinesecheckers\brickwarecore\debug\vc120.pdb
d:\users\gap8240\chinesecheckers\brickwarecore\debug\vc120.idb
d:\users\gap8240\chinesecheckers\brickwarecore\debug\boxcollider.obj
d:\users\gap8240\chinesecheckers\brickwarecore\debug\camera.obj
d:\users\gap8240\chinesecheckers\brickwarecore\debug\collider.obj
d:\users\gap8240\chinesecheckers\brickwarecore\debug\collision.obj
d:\users\gap8240\chinesecheckers\brickwarecore\debug\component.obj
d:\users\gap8240\chinesecheckers\brickwarecore\debug\debug.obj
d:\users\gap8240\chinesecheckers\brickwarecore\debug\dxerr.obj
d:\users\gap8240\chinesecheckers\brickwarecore\debug\frustumcollider.obj
d:\users\gap8240\chinesecheckers\brickwarecore\debug\game.obj
d:\users\gap8240\chinesecheckers\brickwarecore\debug\gameobject.obj
d:\users\gap8240\chinesecheckers\brickwarecore\debug\gametime.obj
d:\users\gap8240\chinesecheckers\brickwarecore\debug\input.obj
d:\users\gap8240\chinesecheckers\brickwarecore\debug\meshrenderer.obj
d:\users\gap8240\chinesecheckers\brickwarecore\debug\octree.obj
d:\users\gap8240\chinesecheckers\brickwarecore\debug\physicsmanager.obj
d:\users\gap8240\chinesecheckers\brickwarecore\debug\pointlight.obj
d:\users\gap8240\chinesecheckers\brickwarecore\debug\rigidbody.obj
d:\users\gap8240\chinesecheckers\brickwarecore\debug\screen.obj
d:\users\gap8240\chinesecheckers\brickwarecore\debug\spherecollider.obj
d:\users\gap8240\chinesecheckers\brickwarecore\debug\transform.obj
d:\users\gap8240\chinesecheckers\debug\brickwarecore.ilk
d:\users\gap8240\chinesecheckers\debug\brickwarecore.dll
d:\users\gap8240\chinesecheckers\debug\brickwarecore.pdb
d:\users\gap8240\chinesecheckers\brickwarecore\debug\brickwarecore.tlog\brickwarecore.write.1u.tlog
d:\users\gap8240\chinesecheckers\brickwarecore\debug\brickwarecore.tlog\cl.command.1.tlog
d:\users\gap8240\chinesecheckers\brickwarecore\debug\brickwarecore.tlog\cl.read.1.tlog
d:\users\gap8240\chinesecheckers\brickwarecore\debug\brickwarecore.tlog\cl.write.1.tlog
d:\users\gap8240\chinesecheckers\brickwarecore\debug\brickwarecore.tlog\link.command.1.tlog
d:\users\gap8240\chinesecheckers\brickwarecore\debug\brickwarecore.tlog\link.read.1.tlog
d:\users\gap8240\chinesecheckers\brickwarecore\debug\brickwarecore.tlog\link.write.1.tlog
